Flow report for aes_quartus
Wed Sep 26 15:11:29 2018
Quartus II Version 8.1 Build 163 10/28/2008 SJ Web Edition


---------------------
; Table of Contents ;
---------------------
  1. Legal Notice
  2. Flow Summary
  3. Flow Settings
  4. Flow Non-Default Global Settings
  5. Flow Elapsed Time
  6. Flow OS Summary
  7. Flow Log



----------------
; Legal Notice ;
----------------
Copyright (C) 1991-2008 Altera Corporation
Your use of Altera Corporation's design tools, logic functions 
and other software and tools, and its AMPP partner logic 
functions, and any output files from any of the foregoing 
(including device programming or simulation files), and any 
associated documentation or information are expressly subject 
to the terms and conditions of the Altera Program License 
Subscription Agreement, Altera MegaCore Function License 
Agreement, or other applicable license agreement, including, 
without limitation, that your use is for the sole purpose of 
programming logic devices manufactured by Altera and sold by 
Altera or its authorized distributors.  Please refer to the 
applicable agreement for further details.



+-------------------------------------------------------------------+
; Flow Summary                                                      ;
+-------------------------+-----------------------------------------+
; Flow Status             ; Successful - Wed Sep 26 15:11:29 2018   ;
; Quartus II Version      ; 8.1 Build 163 10/28/2008 SJ Web Edition ;
; Revision Name           ; aes_quartus                             ;
; Top-level Entity Name   ; aes_quartus                             ;
; Family                  ; APEX20KE                                ;
; Device                  ; EP20K200EFI484-2X                       ;
; Timing Models           ; Final                                   ;
; Met timing requirements ; Yes                                     ;
; Total logic elements    ; 0 / 8,320 ( 0 % )                       ;
; Total pins              ; 257 / 376 ( 68 % )                      ;
; Total virtual pins      ; 0                                       ;
; Total memory bits       ; 0 / 106,496 ( 0 % )                     ;
; Total PLLs              ; 0 / 2 ( 0 % )                           ;
+-------------------------+-----------------------------------------+


+-----------------------------------------+
; Flow Settings                           ;
+-------------------+---------------------+
; Option            ; Setting             ;
+-------------------+---------------------+
; Start date & time ; 09/26/2018 15:11:22 ;
; Main task         ; Compilation         ;
; Revision Name     ; aes_quartus         ;
+-------------------+---------------------+


+---------------------------------------------------------------------------------------------------------------------------------------------------+
; Flow Non-Default Global Settings                                                                                                                  ;
+------------------------------------+------------------------------------------------+------------------------------+-------------+----------------+
; Assignment Name                    ; Value                                          ; Default Value                ; Entity Name ; Section Id     ;
+------------------------------------+------------------------------------------------+------------------------------+-------------+----------------+
; COMPILER_SIGNATURE_ID              ; 622599575416.153796028211116                   ; --                           ; --          ; --             ;
; FITTER_EFFORT                      ; Standard Fit                                   ; Auto Fit                     ; --          ; --             ;
; INCREMENTAL_COMPILATION            ; Off                                            ; FULL_INCREMENTAL_COMPILATION ; --          ; --             ;
; IP_TOOL_NAME                       ; LPM_FF                                         ; --                           ; --          ; --             ;
; IP_TOOL_NAME                       ; LPM_FF                                         ; --                           ; --          ; --             ;
; IP_TOOL_NAME                       ; LPM_COUNTER                                    ; --                           ; --          ; --             ;
; IP_TOOL_NAME                       ; LPM_COMPARE                                    ; --                           ; --          ; --             ;
; IP_TOOL_NAME                       ; LPM_DECODE                                     ; --                           ; --          ; --             ;
; IP_TOOL_NAME                       ; LPM_FF                                         ; --                           ; --          ; --             ;
; IP_TOOL_NAME                       ; LPM_FF                                         ; --                           ; --          ; --             ;
; IP_TOOL_NAME                       ; LPM_FF                                         ; --                           ; --          ; --             ;
; IP_TOOL_NAME                       ; LPM_COUNTER                                    ; --                           ; --          ; --             ;
; IP_TOOL_NAME                       ; LPM_COMPARE                                    ; --                           ; --          ; --             ;
; IP_TOOL_NAME                       ; LPM_DECODE                                     ; --                           ; --          ; --             ;
; IP_TOOL_NAME                       ; LPM_COUNTER                                    ; --                           ; --          ; --             ;
; IP_TOOL_NAME                       ; LPM_MUX                                        ; --                           ; --          ; --             ;
; IP_TOOL_NAME                       ; ALTCLKLOCK                                     ; --                           ; --          ; --             ;
; IP_TOOL_NAME                       ; LPM_CONSTANT                                   ; --                           ; --          ; --             ;
; IP_TOOL_NAME                       ; LPM_DECODE                                     ; --                           ; --          ; --             ;
; IP_TOOL_NAME                       ; LPM_AND                                        ; --                           ; --          ; --             ;
; IP_TOOL_NAME                       ; LPM_ROM                                        ; --                           ; --          ; --             ;
; IP_TOOL_VERSION                    ; 8.1                                            ; --                           ; --          ; --             ;
; IP_TOOL_VERSION                    ; 8.1                                            ; --                           ; --          ; --             ;
; IP_TOOL_VERSION                    ; 8.1                                            ; --                           ; --          ; --             ;
; IP_TOOL_VERSION                    ; 8.1                                            ; --                           ; --          ; --             ;
; IP_TOOL_VERSION                    ; 8.1                                            ; --                           ; --          ; --             ;
; IP_TOOL_VERSION                    ; 8.1                                            ; --                           ; --          ; --             ;
; IP_TOOL_VERSION                    ; 8.1                                            ; --                           ; --          ; --             ;
; IP_TOOL_VERSION                    ; 8.1                                            ; --                           ; --          ; --             ;
; IP_TOOL_VERSION                    ; 8.1                                            ; --                           ; --          ; --             ;
; IP_TOOL_VERSION                    ; 8.1                                            ; --                           ; --          ; --             ;
; IP_TOOL_VERSION                    ; 8.1                                            ; --                           ; --          ; --             ;
; IP_TOOL_VERSION                    ; 8.1                                            ; --                           ; --          ; --             ;
; IP_TOOL_VERSION                    ; 8.1                                            ; --                           ; --          ; --             ;
; IP_TOOL_VERSION                    ; 8.1                                            ; --                           ; --          ; --             ;
; IP_TOOL_VERSION                    ; 8.1                                            ; --                           ; --          ; --             ;
; IP_TOOL_VERSION                    ; 8.1                                            ; --                           ; --          ; --             ;
; IP_TOOL_VERSION                    ; 8.1                                            ; --                           ; --          ; --             ;
; IP_TOOL_VERSION                    ; 8.1                                            ; --                           ; --          ; --             ;
; MISC_FILE                          ; lpm_dff0.tdf                                   ; --                           ; --          ; --             ;
; MISC_FILE                          ; lpm_dff0.bsf                                   ; --                           ; --          ; --             ;
; MISC_FILE                          ; lpm_dff0.inc                                   ; --                           ; --          ; --             ;
; MISC_FILE                          ; lpm_dff1.tdf                                   ; --                           ; --          ; --             ;
; MISC_FILE                          ; lpm_dff1.bsf                                   ; --                           ; --          ; --             ;
; MISC_FILE                          ; lpm_dff1.inc                                   ; --                           ; --          ; --             ;
; MISC_FILE                          ; lpm_counter0.tdf                               ; --                           ; --          ; --             ;
; MISC_FILE                          ; lpm_counter0.bsf                               ; --                           ; --          ; --             ;
; MISC_FILE                          ; lpm_counter0.inc                               ; --                           ; --          ; --             ;
; MISC_FILE                          ; lpm_compare0.tdf                               ; --                           ; --          ; --             ;
; MISC_FILE                          ; lpm_compare0.bsf                               ; --                           ; --          ; --             ;
; MISC_FILE                          ; lpm_compare0.inc                               ; --                           ; --          ; --             ;
; MISC_FILE                          ; lpm_decode0.tdf                                ; --                           ; --          ; --             ;
; MISC_FILE                          ; lpm_decode0.bsf                                ; --                           ; --          ; --             ;
; MISC_FILE                          ; lpm_decode0.inc                                ; --                           ; --          ; --             ;
; MISC_FILE                          ; lpm_dff2.tdf                                   ; --                           ; --          ; --             ;
; MISC_FILE                          ; lpm_dff2.bsf                                   ; --                           ; --          ; --             ;
; MISC_FILE                          ; lpm_dff2.inc                                   ; --                           ; --          ; --             ;
; MISC_FILE                          ; lpm_dff3.tdf                                   ; --                           ; --          ; --             ;
; MISC_FILE                          ; lpm_dff3.bsf                                   ; --                           ; --          ; --             ;
; MISC_FILE                          ; lpm_dff3.inc                                   ; --                           ; --          ; --             ;
; MISC_FILE                          ; lpm_dff4.tdf                                   ; --                           ; --          ; --             ;
; MISC_FILE                          ; lpm_dff4.bsf                                   ; --                           ; --          ; --             ;
; MISC_FILE                          ; lpm_dff4.inc                                   ; --                           ; --          ; --             ;
; MISC_FILE                          ; lpm_counter1.tdf                               ; --                           ; --          ; --             ;
; MISC_FILE                          ; lpm_counter1.bsf                               ; --                           ; --          ; --             ;
; MISC_FILE                          ; lpm_counter1.inc                               ; --                           ; --          ; --             ;
; MISC_FILE                          ; lpm_compare1.tdf                               ; --                           ; --          ; --             ;
; MISC_FILE                          ; lpm_compare1.bsf                               ; --                           ; --          ; --             ;
; MISC_FILE                          ; lpm_compare1.inc                               ; --                           ; --          ; --             ;
; MISC_FILE                          ; lpm_decode1.tdf                                ; --                           ; --          ; --             ;
; MISC_FILE                          ; lpm_decode1.bsf                                ; --                           ; --          ; --             ;
; MISC_FILE                          ; lpm_decode1.inc                                ; --                           ; --          ; --             ;
; MISC_FILE                          ; lpm_counter2.tdf                               ; --                           ; --          ; --             ;
; MISC_FILE                          ; lpm_counter2.bsf                               ; --                           ; --          ; --             ;
; MISC_FILE                          ; lpm_counter2.inc                               ; --                           ; --          ; --             ;
; MISC_FILE                          ; lpm_mux0.tdf                                   ; --                           ; --          ; --             ;
; MISC_FILE                          ; lpm_mux0.bsf                                   ; --                           ; --          ; --             ;
; MISC_FILE                          ; lpm_mux0.inc                                   ; --                           ; --          ; --             ;
; MISC_FILE                          ; altclklock0.tdf                                ; --                           ; --          ; --             ;
; MISC_FILE                          ; altclklock0.bsf                                ; --                           ; --          ; --             ;
; MISC_FILE                          ; altclklock0.inc                                ; --                           ; --          ; --             ;
; MISC_FILE                          ; altclklock0.ppf                                ; --                           ; --          ; --             ;
; MISC_FILE                          ; lpm_constant0.tdf                              ; --                           ; --          ; --             ;
; MISC_FILE                          ; lpm_constant0.bsf                              ; --                           ; --          ; --             ;
; MISC_FILE                          ; lpm_constant0.inc                              ; --                           ; --          ; --             ;
; MISC_FILE                          ; lpm_decode2.tdf                                ; --                           ; --          ; --             ;
; MISC_FILE                          ; lpm_decode2.bsf                                ; --                           ; --          ; --             ;
; MISC_FILE                          ; lpm_decode2.inc                                ; --                           ; --          ; --             ;
; MISC_FILE                          ; lpm_and0.tdf                                   ; --                           ; --          ; --             ;
; MISC_FILE                          ; lpm_and0.bsf                                   ; --                           ; --          ; --             ;
; MISC_FILE                          ; lpm_and0.inc                                   ; --                           ; --          ; --             ;
; MISC_FILE                          ; lpm_rom0.tdf                                   ; --                           ; --          ; --             ;
; MISC_FILE                          ; lpm_rom0.bsf                                   ; --                           ; --          ; --             ;
; MISC_FILE                          ; lpm_rom0.inc                                   ; --                           ; --          ; --             ;
; MISC_FILE                          ; D:/Development/AES/aes_quartus/aes_quartus.dpf ; --                           ; --          ; --             ;
; OPTIMIZE_HOLD_TIMING               ; IO Paths and Minimum TPD Paths                 ; --                           ; --          ; --             ;
; PARTITION_COLOR                    ; 16764057                                       ; --                           ; --          ; Top            ;
; PARTITION_NETLIST_TYPE             ; SOURCE                                         ; --                           ; --          ; Top            ;
; USE_GENERATED_PHYSICAL_CONSTRAINTS ; Off                                            ; --                           ; --          ; eda_blast_fpga ;
+------------------------------------+------------------------------------------------+------------------------------+-------------+----------------+


+-----------------------------------------------------------------------------------------------------------------------------+
; Flow Elapsed Time                                                                                                           ;
+-------------------------+--------------+-------------------------+---------------------+------------------------------------+
; Module Name             ; Elapsed Time ; Average Processors Used ; Peak Virtual Memory ; Total CPU Time (on all processors) ;
+-------------------------+--------------+-------------------------+---------------------+------------------------------------+
; Analysis & Synthesis    ; 00:00:02     ; 1.0                     ; 240 MB              ; 00:00:00                           ;
; Fitter                  ; 00:00:03     ; 1.0                     ; 280 MB              ; 00:00:02                           ;
; Assembler               ; 00:00:00     ; 1.0                     ; 253 MB              ; 00:00:01                           ;
; Classic Timing Analyzer ; 00:00:01     ; 1.0                     ; 227 MB              ; 00:00:00                           ;
; Total                   ; 00:00:06     ; --                      ; --                  ; 00:00:03                           ;
+-------------------------+--------------+-------------------------+---------------------+------------------------------------+


+------------------------------------------------------------------------------------------+
; Flow OS Summary                                                                          ;
+-------------------------+------------------+---------------+------------+----------------+
; Module Name             ; Machine Hostname ; OS Name       ; OS Version ; Processor type ;
+-------------------------+------------------+---------------+------------+----------------+
; Analysis & Synthesis    ; DESKTOP-BQ692QE  ; Windows Vista ; 6.2        ; x86_64         ;
; Fitter                  ; DESKTOP-BQ692QE  ; Windows Vista ; 6.2        ; x86_64         ;
; Assembler               ; DESKTOP-BQ692QE  ; Windows Vista ; 6.2        ; x86_64         ;
; Classic Timing Analyzer ; DESKTOP-BQ692QE  ; Windows Vista ; 6.2        ; x86_64         ;
+-------------------------+------------------+---------------+------------+----------------+


------------
; Flow Log ;
------------
quartus_map --read_settings_files=on --write_settings_files=off aes_quartus -c aes_quartus
quartus_fit --read_settings_files=off --write_settings_files=off aes_quartus -c aes_quartus
quartus_asm --read_settings_files=off --write_settings_files=off aes_quartus -c aes_quartus
quartus_tan --read_settings_files=off --write_settings_files=off aes_quartus -c aes_quartus



