Flow report for aes_quartus2
Thu Nov 15 20:41:57 2018
Quartus II Version 8.1 Build 163 10/28/2008 SJ Web Edition


---------------------
; Table of Contents ;
---------------------
  1. Legal Notice
  2. Flow Summary
  3. Flow Settings
  4. Flow Non-Default Global Settings
  5. Flow Elapsed Time
  6. Flow OS Summary
  7. Flow Log



----------------
; Legal Notice ;
----------------
Copyright (C) 1991-2008 Altera Corporation
Your use of Altera Corporation's design tools, logic functions 
and other software and tools, and its AMPP partner logic 
functions, and any output files from any of the foregoing 
(including device programming or simulation files), and any 
associated documentation or information are expressly subject 
to the terms and conditions of the Altera Program License 
Subscription Agreement, Altera MegaCore Function License 
Agreement, or other applicable license agreement, including, 
without limitation, that your use is for the sole purpose of 
programming logic devices manufactured by Altera and sold by 
Altera or its authorized distributors.  Please refer to the 
applicable agreement for further details.



+------------------------------------------------------------------------------+
; Flow Summary                                                                 ;
+------------------------------------+-----------------------------------------+
; Flow Status                        ; Successful - Thu Nov 15 20:41:57 2018   ;
; Quartus II Version                 ; 8.1 Build 163 10/28/2008 SJ Web Edition ;
; Revision Name                      ; aes_quartus2                            ;
; Top-level Entity Name              ; aes_quartus2                            ;
; Family                             ; Cyclone II                              ;
; Device                             ; EP2C70F896C6                            ;
; Timing Models                      ; Final                                   ;
; Met timing requirements            ; Yes                                     ;
; Total logic elements               ; 3,110 / 68,416 ( 5 % )                  ;
;     Total combinational functions  ; 2,833 / 68,416 ( 4 % )                  ;
;     Dedicated logic registers      ; 1,678 / 68,416 ( 2 % )                  ;
; Total registers                    ; 1678                                    ;
; Total pins                         ; 388 / 622 ( 62 % )                      ;
; Total virtual pins                 ; 0                                       ;
; Total memory bits                  ; 12,094 / 1,152,000 ( 1 % )              ;
; Embedded Multiplier 9-bit elements ; 0 / 300 ( 0 % )                         ;
; Total PLLs                         ; 0 / 4 ( 0 % )                           ;
+------------------------------------+-----------------------------------------+


+-----------------------------------------+
; Flow Settings                           ;
+-------------------+---------------------+
; Option            ; Setting             ;
+-------------------+---------------------+
; Start date & time ; 11/15/2018 20:40:11 ;
; Main task         ; Compilation         ;
; Revision Name     ; aes_quartus2        ;
+-------------------+---------------------+


+---------------------------------------------------------------------------------------------------------------------------------+
; Flow Non-Default Global Settings                                                                                                ;
+------------------------------------+------------------------------+------------------------------+-------------+----------------+
; Assignment Name                    ; Value                        ; Default Value                ; Entity Name ; Section Id     ;
+------------------------------------+------------------------------+------------------------------+-------------+----------------+
; COMPILER_SIGNATURE_ID              ; 622599575416.154230001113764 ; --                           ; --          ; --             ;
; INCREMENTAL_COMPILATION            ; Off                          ; FULL_INCREMENTAL_COMPILATION ; --          ; --             ;
; IP_TOOL_NAME                       ; LPM_MUX                      ; --                           ; --          ; --             ;
; IP_TOOL_NAME                       ; LPM_FF                       ; --                           ; --          ; --             ;
; IP_TOOL_NAME                       ; LPM_FF                       ; --                           ; --          ; --             ;
; IP_TOOL_NAME                       ; LPM_XOR                      ; --                           ; --          ; --             ;
; IP_TOOL_NAME                       ; LPM_FF                       ; --                           ; --          ; --             ;
; IP_TOOL_NAME                       ; LPM_ROM                      ; --                           ; --          ; --             ;
; IP_TOOL_NAME                       ; LPM_XOR                      ; --                           ; --          ; --             ;
; IP_TOOL_NAME                       ; LPM_CONSTANT                 ; --                           ; --          ; --             ;
; IP_TOOL_NAME                       ; LPM_ROM                      ; --                           ; --          ; --             ;
; IP_TOOL_NAME                       ; LPM_CONSTANT                 ; --                           ; --          ; --             ;
; IP_TOOL_NAME                       ; LPM_CONSTANT                 ; --                           ; --          ; --             ;
; IP_TOOL_NAME                       ; LPM_CONSTANT                 ; --                           ; --          ; --             ;
; IP_TOOL_NAME                       ; LPM_MULT                     ; --                           ; --          ; --             ;
; IP_TOOL_NAME                       ; LPM_ADD_SUB                  ; --                           ; --          ; --             ;
; IP_TOOL_NAME                       ; LPM_CONSTANT                 ; --                           ; --          ; --             ;
; IP_TOOL_NAME                       ; LPM_CONSTANT                 ; --                           ; --          ; --             ;
; IP_TOOL_NAME                       ; LPM_CONSTANT                 ; --                           ; --          ; --             ;
; IP_TOOL_NAME                       ; LPM_CONSTANT                 ; --                           ; --          ; --             ;
; IP_TOOL_NAME                       ; LPM_CONSTANT                 ; --                           ; --          ; --             ;
; IP_TOOL_NAME                       ; LPM_CONSTANT                 ; --                           ; --          ; --             ;
; IP_TOOL_NAME                       ; LPM_CONSTANT                 ; --                           ; --          ; --             ;
; IP_TOOL_NAME                       ; LPM_CONSTANT                 ; --                           ; --          ; --             ;
; IP_TOOL_NAME                       ; LPM_CONSTANT                 ; --                           ; --          ; --             ;
; IP_TOOL_NAME                       ; LPM_CONSTANT                 ; --                           ; --          ; --             ;
; IP_TOOL_NAME                       ; LPM_CONSTANT                 ; --                           ; --          ; --             ;
; IP_TOOL_NAME                       ; LPM_CONSTANT                 ; --                           ; --          ; --             ;
; IP_TOOL_NAME                       ; LPM_CONSTANT                 ; --                           ; --          ; --             ;
; IP_TOOL_VERSION                    ; 8.1                          ; --                           ; --          ; --             ;
; IP_TOOL_VERSION                    ; 8.1                          ; --                           ; --          ; --             ;
; IP_TOOL_VERSION                    ; 8.1                          ; --                           ; --          ; --             ;
; IP_TOOL_VERSION                    ; 8.1                          ; --                           ; --          ; --             ;
; IP_TOOL_VERSION                    ; 8.1                          ; --                           ; --          ; --             ;
; IP_TOOL_VERSION                    ; 8.1                          ; --                           ; --          ; --             ;
; IP_TOOL_VERSION                    ; 8.1                          ; --                           ; --          ; --             ;
; IP_TOOL_VERSION                    ; 8.1                          ; --                           ; --          ; --             ;
; IP_TOOL_VERSION                    ; 8.1                          ; --                           ; --          ; --             ;
; IP_TOOL_VERSION                    ; 8.1                          ; --                           ; --          ; --             ;
; IP_TOOL_VERSION                    ; 8.1                          ; --                           ; --          ; --             ;
; IP_TOOL_VERSION                    ; 8.1                          ; --                           ; --          ; --             ;
; IP_TOOL_VERSION                    ; 8.1                          ; --                           ; --          ; --             ;
; IP_TOOL_VERSION                    ; 8.1                          ; --                           ; --          ; --             ;
; IP_TOOL_VERSION                    ; 8.1                          ; --                           ; --          ; --             ;
; IP_TOOL_VERSION                    ; 8.1                          ; --                           ; --          ; --             ;
; IP_TOOL_VERSION                    ; 8.1                          ; --                           ; --          ; --             ;
; IP_TOOL_VERSION                    ; 8.1                          ; --                           ; --          ; --             ;
; IP_TOOL_VERSION                    ; 8.1                          ; --                           ; --          ; --             ;
; IP_TOOL_VERSION                    ; 8.1                          ; --                           ; --          ; --             ;
; IP_TOOL_VERSION                    ; 8.1                          ; --                           ; --          ; --             ;
; IP_TOOL_VERSION                    ; 8.1                          ; --                           ; --          ; --             ;
; IP_TOOL_VERSION                    ; 8.1                          ; --                           ; --          ; --             ;
; IP_TOOL_VERSION                    ; 8.1                          ; --                           ; --          ; --             ;
; IP_TOOL_VERSION                    ; 8.1                          ; --                           ; --          ; --             ;
; IP_TOOL_VERSION                    ; 8.1                          ; --                           ; --          ; --             ;
; IP_TOOL_VERSION                    ; 8.1                          ; --                           ; --          ; --             ;
; MAX_CORE_JUNCTION_TEMP             ; 85                           ; --                           ; --          ; --             ;
; MIN_CORE_JUNCTION_TEMP             ; 0                            ; --                           ; --          ; --             ;
; MISC_FILE                          ; lpm_mux0.tdf                 ; --                           ; --          ; --             ;
; MISC_FILE                          ; lpm_mux0.bsf                 ; --                           ; --          ; --             ;
; MISC_FILE                          ; lpm_mux0.inc                 ; --                           ; --          ; --             ;
; MISC_FILE                          ; lpm_dff0.tdf                 ; --                           ; --          ; --             ;
; MISC_FILE                          ; lpm_dff0.bsf                 ; --                           ; --          ; --             ;
; MISC_FILE                          ; lpm_dff0.inc                 ; --                           ; --          ; --             ;
; MISC_FILE                          ; lpm_dff1.tdf                 ; --                           ; --          ; --             ;
; MISC_FILE                          ; lpm_dff1.bsf                 ; --                           ; --          ; --             ;
; MISC_FILE                          ; lpm_dff1.inc                 ; --                           ; --          ; --             ;
; MISC_FILE                          ; lpm_xor0.tdf                 ; --                           ; --          ; --             ;
; MISC_FILE                          ; lpm_xor0.bsf                 ; --                           ; --          ; --             ;
; MISC_FILE                          ; lpm_xor0.inc                 ; --                           ; --          ; --             ;
; MISC_FILE                          ; lpm_dff2.tdf                 ; --                           ; --          ; --             ;
; MISC_FILE                          ; lpm_dff2.bsf                 ; --                           ; --          ; --             ;
; MISC_FILE                          ; lpm_dff2.inc                 ; --                           ; --          ; --             ;
; MISC_FILE                          ; lpm_rom0.tdf                 ; --                           ; --          ; --             ;
; MISC_FILE                          ; lpm_rom0.bsf                 ; --                           ; --          ; --             ;
; MISC_FILE                          ; lpm_rom0.inc                 ; --                           ; --          ; --             ;
; MISC_FILE                          ; lpm_xor1.tdf                 ; --                           ; --          ; --             ;
; MISC_FILE                          ; lpm_xor1.bsf                 ; --                           ; --          ; --             ;
; MISC_FILE                          ; lpm_xor1.inc                 ; --                           ; --          ; --             ;
; MISC_FILE                          ; lpm_constant0.tdf            ; --                           ; --          ; --             ;
; MISC_FILE                          ; lpm_constant0.bsf            ; --                           ; --          ; --             ;
; MISC_FILE                          ; lpm_constant0.inc            ; --                           ; --          ; --             ;
; MISC_FILE                          ; lpm_rom1.tdf                 ; --                           ; --          ; --             ;
; MISC_FILE                          ; lpm_rom1.bsf                 ; --                           ; --          ; --             ;
; MISC_FILE                          ; lpm_rom1.inc                 ; --                           ; --          ; --             ;
; MISC_FILE                          ; lpm_constant1.tdf            ; --                           ; --          ; --             ;
; MISC_FILE                          ; lpm_constant1.bsf            ; --                           ; --          ; --             ;
; MISC_FILE                          ; lpm_constant1.inc            ; --                           ; --          ; --             ;
; MISC_FILE                          ; lpm_constant2.tdf            ; --                           ; --          ; --             ;
; MISC_FILE                          ; lpm_constant2.bsf            ; --                           ; --          ; --             ;
; MISC_FILE                          ; lpm_constant2.inc            ; --                           ; --          ; --             ;
; MISC_FILE                          ; lpm_constant3.tdf            ; --                           ; --          ; --             ;
; MISC_FILE                          ; lpm_constant3.bsf            ; --                           ; --          ; --             ;
; MISC_FILE                          ; lpm_constant3.inc            ; --                           ; --          ; --             ;
; MISC_FILE                          ; lpm_mult0.tdf                ; --                           ; --          ; --             ;
; MISC_FILE                          ; lpm_mult0.bsf                ; --                           ; --          ; --             ;
; MISC_FILE                          ; lpm_mult0.inc                ; --                           ; --          ; --             ;
; MISC_FILE                          ; lpm_add_sub0.tdf             ; --                           ; --          ; --             ;
; MISC_FILE                          ; lpm_add_sub0.bsf             ; --                           ; --          ; --             ;
; MISC_FILE                          ; lpm_add_sub0.inc             ; --                           ; --          ; --             ;
; MISC_FILE                          ; lpm_constant4.tdf            ; --                           ; --          ; --             ;
; MISC_FILE                          ; lpm_constant4.bsf            ; --                           ; --          ; --             ;
; MISC_FILE                          ; lpm_constant4.inc            ; --                           ; --          ; --             ;
; MISC_FILE                          ; lpm_constant5.tdf            ; --                           ; --          ; --             ;
; MISC_FILE                          ; lpm_constant5.bsf            ; --                           ; --          ; --             ;
; MISC_FILE                          ; lpm_constant5.inc            ; --                           ; --          ; --             ;
; MISC_FILE                          ; lpm_constant6.tdf            ; --                           ; --          ; --             ;
; MISC_FILE                          ; lpm_constant6.bsf            ; --                           ; --          ; --             ;
; MISC_FILE                          ; lpm_constant6.inc            ; --                           ; --          ; --             ;
; MISC_FILE                          ; lpm_constant7.tdf            ; --                           ; --          ; --             ;
; MISC_FILE                          ; lpm_constant7.bsf            ; --                           ; --          ; --             ;
; MISC_FILE                          ; lpm_constant7.inc            ; --                           ; --          ; --             ;
; MISC_FILE                          ; lpm_constant8.tdf            ; --                           ; --          ; --             ;
; MISC_FILE                          ; lpm_constant8.bsf            ; --                           ; --          ; --             ;
; MISC_FILE                          ; lpm_constant8.inc            ; --                           ; --          ; --             ;
; MISC_FILE                          ; lpm_constant9.tdf            ; --                           ; --          ; --             ;
; MISC_FILE                          ; lpm_constant9.bsf            ; --                           ; --          ; --             ;
; MISC_FILE                          ; lpm_constant9.inc            ; --                           ; --          ; --             ;
; MISC_FILE                          ; lpm_constant10.tdf           ; --                           ; --          ; --             ;
; MISC_FILE                          ; lpm_constant10.bsf           ; --                           ; --          ; --             ;
; MISC_FILE                          ; lpm_constant10.inc           ; --                           ; --          ; --             ;
; MISC_FILE                          ; lpm_constant11.tdf           ; --                           ; --          ; --             ;
; MISC_FILE                          ; lpm_constant11.bsf           ; --                           ; --          ; --             ;
; MISC_FILE                          ; lpm_constant11.inc           ; --                           ; --          ; --             ;
; MISC_FILE                          ; lpm_constant12.tdf           ; --                           ; --          ; --             ;
; MISC_FILE                          ; lpm_constant12.bsf           ; --                           ; --          ; --             ;
; MISC_FILE                          ; lpm_constant12.inc           ; --                           ; --          ; --             ;
; MISC_FILE                          ; lpm_constant13.tdf           ; --                           ; --          ; --             ;
; MISC_FILE                          ; lpm_constant13.bsf           ; --                           ; --          ; --             ;
; MISC_FILE                          ; lpm_constant13.inc           ; --                           ; --          ; --             ;
; MISC_FILE                          ; lpm_constant14.tdf           ; --                           ; --          ; --             ;
; MISC_FILE                          ; lpm_constant14.bsf           ; --                           ; --          ; --             ;
; MISC_FILE                          ; lpm_constant14.inc           ; --                           ; --          ; --             ;
; MISC_FILE                          ; lpm_constant15.tdf           ; --                           ; --          ; --             ;
; MISC_FILE                          ; lpm_constant15.bsf           ; --                           ; --          ; --             ;
; MISC_FILE                          ; lpm_constant15.inc           ; --                           ; --          ; --             ;
; MISC_FILE                          ; lpm_constant16.tdf           ; --                           ; --          ; --             ;
; MISC_FILE                          ; lpm_constant16.bsf           ; --                           ; --          ; --             ;
; MISC_FILE                          ; lpm_constant16.inc           ; --                           ; --          ; --             ;
; USE_GENERATED_PHYSICAL_CONSTRAINTS ; Off                          ; --                           ; --          ; eda_blast_fpga ;
+------------------------------------+------------------------------+------------------------------+-------------+----------------+


+-----------------------------------------------------------------------------------------------------------------------------+
; Flow Elapsed Time                                                                                                           ;
+-------------------------+--------------+-------------------------+---------------------+------------------------------------+
; Module Name             ; Elapsed Time ; Average Processors Used ; Peak Virtual Memory ; Total CPU Time (on all processors) ;
+-------------------------+--------------+-------------------------+---------------------+------------------------------------+
; Analysis & Synthesis    ; 00:00:50     ; 1.0                     ; 380 MB              ; 00:00:53                           ;
; Fitter                  ; 00:00:43     ; 1.0                     ; 464 MB              ; 00:00:43                           ;
; Assembler               ; 00:00:05     ; 1.0                     ; 380 MB              ; 00:00:04                           ;
; Classic Timing Analyzer ; 00:00:02     ; 1.0                     ; 245 MB              ; 00:00:02                           ;
; Total                   ; 00:01:40     ; --                      ; --                  ; 00:01:42                           ;
+-------------------------+--------------+-------------------------+---------------------+------------------------------------+


+------------------------------------------------------------------------------------------+
; Flow OS Summary                                                                          ;
+-------------------------+------------------+---------------+------------+----------------+
; Module Name             ; Machine Hostname ; OS Name       ; OS Version ; Processor type ;
+-------------------------+------------------+---------------+------------+----------------+
; Analysis & Synthesis    ; DESKTOP-BQ692QE  ; Windows Vista ; 6.2        ; x86_64         ;
; Fitter                  ; DESKTOP-BQ692QE  ; Windows Vista ; 6.2        ; x86_64         ;
; Assembler               ; DESKTOP-BQ692QE  ; Windows Vista ; 6.2        ; x86_64         ;
; Classic Timing Analyzer ; DESKTOP-BQ692QE  ; Windows Vista ; 6.2        ; x86_64         ;
+-------------------------+------------------+---------------+------------+----------------+


------------
; Flow Log ;
------------
quartus_map --read_settings_files=on --write_settings_files=off aes_quartus2 -c aes_quartus2
quartus_fit --read_settings_files=off --write_settings_files=off aes_quartus2 -c aes_quartus2
quartus_asm --read_settings_files=off --write_settings_files=off aes_quartus2 -c aes_quartus2
quartus_tan --read_settings_files=off --write_settings_files=off aes_quartus2 -c aes_quartus2 --timing_analysis_only



